C:\Users\Kelly\Desktop\original_stasm4.1.0\vc10\\leye.exe
C:\Users\Kelly\Desktop\original_stasm4.1.0\vc10\\leye.pdb
C:\USERS\KELLY\DESKTOP\ORIGINAL_STASM4.1.0\VC10\LEYE.EXE
C:\USERS\KELLY\DESKTOP\ORIGINAL_STASM4.1.0\VC10\LEYE.PDB
C:\USERS\KELLY\DESKTOP\ORIGINAL_STASM4.1.0\VC10\RELEASE\ASM.OBJ
C:\Users\Kelly\Desktop\original_stasm4.1.0\vc10\Release\cl.command.1.tlog
C:\Users\Kelly\Desktop\original_stasm4.1.0\vc10\Release\CL.read.1.tlog
C:\Users\Kelly\Desktop\original_stasm4.1.0\vc10\Release\CL.write.1.tlog
C:\USERS\KELLY\DESKTOP\ORIGINAL_STASM4.1.0\VC10\RELEASE\CLASSICDESC.OBJ
C:\USERS\KELLY\DESKTOP\ORIGINAL_STASM4.1.0\VC10\RELEASE\CONVSHAPE.OBJ
C:\USERS\KELLY\DESKTOP\ORIGINAL_STASM4.1.0\VC10\RELEASE\ERR.OBJ
C:\USERS\KELLY\DESKTOP\ORIGINAL_STASM4.1.0\VC10\RELEASE\EYEDET.OBJ
C:\USERS\KELLY\DESKTOP\ORIGINAL_STASM4.1.0\VC10\RELEASE\EYEDIST.OBJ
C:\USERS\KELLY\DESKTOP\ORIGINAL_STASM4.1.0\VC10\RELEASE\FACEDET.OBJ
C:\USERS\KELLY\DESKTOP\ORIGINAL_STASM4.1.0\VC10\RELEASE\FACEROI.OBJ
C:\USERS\KELLY\DESKTOP\ORIGINAL_STASM4.1.0\VC10\RELEASE\HAT.OBJ
C:\USERS\KELLY\DESKTOP\ORIGINAL_STASM4.1.0\VC10\RELEASE\HATDESC.OBJ
C:\USERS\KELLY\DESKTOP\ORIGINAL_STASM4.1.0\VC10\RELEASE\INITASM.OBJ
C:\USERS\KELLY\DESKTOP\ORIGINAL_STASM4.1.0\VC10\RELEASE\LANDMARKS.OBJ
C:\USERS\KELLY\DESKTOP\ORIGINAL_STASM4.1.0\VC10\RELEASE\LEYE.EXE.INTERMEDIATE.MANIFEST
C:\Users\Kelly\Desktop\original_stasm4.1.0\vc10\Release\leye.write.1.tlog
C:\Users\Kelly\Desktop\original_stasm4.1.0\vc10\Release\link.command.1.tlog
C:\Users\Kelly\Desktop\original_stasm4.1.0\vc10\Release\link.read.1.tlog
C:\Users\Kelly\Desktop\original_stasm4.1.0\vc10\Release\link.write.1.tlog
C:\USERS\KELLY\DESKTOP\ORIGINAL_STASM4.1.0\VC10\RELEASE\MAIN.OBJ
C:\Users\Kelly\Desktop\original_stasm4.1.0\vc10\Release\minimal.vcxprojResolveAssemblyReference.cache
C:\USERS\KELLY\DESKTOP\ORIGINAL_STASM4.1.0\VC10\RELEASE\MISC.OBJ
C:\Users\Kelly\Desktop\original_stasm4.1.0\vc10\Release\mt.command.1.tlog
C:\Users\Kelly\Desktop\original_stasm4.1.0\vc10\Release\mt.read.1.tlog
C:\Users\Kelly\Desktop\original_stasm4.1.0\vc10\Release\mt.write.1.tlog
C:\USERS\KELLY\DESKTOP\ORIGINAL_STASM4.1.0\VC10\RELEASE\PINSTART.OBJ
C:\USERS\KELLY\DESKTOP\ORIGINAL_STASM4.1.0\VC10\RELEASE\PRINT.OBJ
C:\USERS\KELLY\DESKTOP\ORIGINAL_STASM4.1.0\VC10\RELEASE\SHAPE17.OBJ
C:\USERS\KELLY\DESKTOP\ORIGINAL_STASM4.1.0\VC10\RELEASE\SHAPEHACKS.OBJ
C:\USERS\KELLY\DESKTOP\ORIGINAL_STASM4.1.0\VC10\RELEASE\SHAPEMOD.OBJ
C:\USERS\KELLY\DESKTOP\ORIGINAL_STASM4.1.0\VC10\RELEASE\STARTSHAPE.OBJ
C:\USERS\KELLY\DESKTOP\ORIGINAL_STASM4.1.0\VC10\RELEASE\STASM.OBJ
C:\USERS\KELLY\DESKTOP\ORIGINAL_STASM4.1.0\VC10\RELEASE\STASM_LIB.OBJ
C:\USERS\KELLY\DESKTOP\ORIGINAL_STASM4.1.0\VC10\RELEASE\VC100.PDB
