Build started 2015/11/14 16:31:09.
     1>Project "C:\Users\Kelly\Desktop\stasm4.1.0\vc10\minimal.vcxproj" on node 2 (build target(s)).
     1>InitializeBuildStatus:
         Creating "Debug\minimal.unsuccessfulbuild" because "AlwaysCreate" was specified.
       ClCompile:
         e:\Microsoft Visual Studio 10.0\VC\bin\CL.exe /c /IE:/OpenCV2.4.0/build/include /I../stasm /ZI /nologo /W3 /WX- /Od /Oy- /D WIN32 /D _DEBUG /D _CONSOLE /D _UNICODE /D UNICODE /Gm /EHsc /RTC1 /MDd /GS /fp:precise /Zc:wchar_t /Zc:forScope /Fo"Debug\\" /Fd"Debug\vc100.pdb" /Gd /TP /analyze- /errorReport:prompt ..\apps\minimal.cpp
         minimal.cpp
       ManifestResourceCompile:
         All outputs are up-to-date.
       Link:
         e:\Microsoft Visual Studio 10.0\VC\bin\link.exe /ERRORREPORT:PROMPT /OUT:"C:\Users\Kelly\Desktop\stasm4.1.0\vc10\\minimal.exe" /INCREMENTAL /NOLOGO opencv_calib3d249.lib opencv_contrib249.lib opencv_core249.lib opencv_features2d249.lib opencv_flann249.lib opencv_gpu249.lib opencv_highgui249.lib opencv_imgproc249.lib opencv_legacy249.lib opencv_ml249.lib opencv_nonfree249.lib opencv_objdetect249.lib opencv_photo249.lib opencv_stitching249.lib opencv_ts249.lib opencv_video249.lib opencv_videostab249.lib opencv_calib3d249d.lib opencv_contrib249d.lib opencv_core249d.lib opencv_features2d249d.lib opencv_flann249d.lib opencv_gpu249d.lib opencv_highgui249d.lib opencv_imgproc249d.lib opencv_legacy249d.lib opencv_ml249d.lib opencv_nonfree249d.lib opencv_objdetect249d.lib opencv_photo249d.lib opencv_stitching249d.lib opencv_ts249d.lib opencv_video249d.lib opencv_videostab249d.lib /MANIFEST /ManifestFile:"Debug\minimal.exe.intermediate.manifest" /MANIFESTUAC:"level='asInvoker' uiAccess='false'" /DEBUG /PDB:"C:\Users\Kelly\Desktop\stasm4.1.0\vc10\minimal.pdb" /SUBSYSTEM:CONSOLE /TLBID:1 /DYNAMICBASE /NXCOMPAT /IMPLIB:"C:\Users\Kelly\Desktop\stasm4.1.0\vc10\\minimal.lib" /MACHINE:X86 Debug\minimal.exe.embed.manifest.res
         Debug\minimal.obj
         Debug\asm.obj
         Debug\classicdesc.obj
         Debug\convshape.obj
         Debug\err.obj
         Debug\eyedet.obj
         Debug\eyedist.obj
         Debug\faceroi.obj
         Debug\hat.obj
         Debug\hatdesc.obj
         Debug\landmarks.obj
         Debug\misc.obj
         Debug\facedet.obj
         Debug\initasm.obj
         Debug\pinstart.obj
         Debug\print.obj
         Debug\shape17.obj
         Debug\shapehacks.obj
         Debug\shapemod.obj
         Debug\startshape.obj
         Debug\stasm.obj
         Debug\stasm_lib.obj
       Manifest:
         c:\Program Files (x86)\Microsoft SDKs\Windows\v7.0A\bin\mt.exe /nologo /verbose /out:"Debug\minimal.exe.embed.manifest" /manifest Debug\minimal.exe.intermediate.manifest
         All outputs are up-to-date.
       LinkEmbedManifest:
         All outputs are up-to-date.
         minimal.vcxproj -> C:\Users\Kelly\Desktop\stasm4.1.0\vc10\\minimal.exe
       FinalizeBuildStatus:
         Deleting file "Debug\minimal.unsuccessfulbuild".
         Touching "Debug\minimal.lastbuildstate".
     1>Done Building Project "C:\Users\Kelly\Desktop\stasm4.1.0\vc10\minimal.vcxproj" (build target(s)).

Build succeeded.

Time Elapsed 00:00:01.19
